==================================================================================================================================
PARAMETRIC ISOLATION & FORGETTING STUDY | RUN TYPE: ALL
==================================================================================================================================

==================================================================================================================================
SWEEP 1: GEOMETRY VS PARAMETRIC CAPACITY | N=1000 | FPC=50 | Var=0.05 | Noise=0.05 | Seeds=5
==================================================================================================================================

Evaluating Model: Oracle
  Recall:               100.00% ± 0.00% (95% CI: 0.00%)
  Same-Concept Error %: 0.00 ± 0.00 (95% CI: 0.00) (out of total errors)
  Diff-Concept Error %: 0.00 ± 0.00 (95% CI: 0.00)
  Global Margin (50/5/1%):  N/A
  Success Margin (50/5/1%): N/A

Evaluating Model: kNN
  Recall:               100.00% ± 0.00% (95% CI: 0.00%)
  Same-Concept Error %: 0.00 ± 0.00 (95% CI: 0.00) (out of total errors)
  Diff-Concept Error %: 0.00 ± 0.00 (95% CI: 0.00)
  Global Margin (50/5/1%):   0.28 /  0.23 /  0.21
  Success Margin (50/5/1%):  0.28 /  0.23 /  0.21

Evaluating Model: OfflineLinear
  Recall:               100.00% ± 0.00% (95% CI: 0.00%)
  Same-Concept Error %: 0.00 ± 0.00 (95% CI: 0.00) (out of total errors)
  Diff-Concept Error %: 0.00 ± 0.00 (95% CI: 0.00)
  Global Margin (50/5/1%):   2.51 /  1.83 /  1.53
  Success Margin (50/5/1%):  2.51 /  1.83 /  1.53
  [Offline Control Metrics]
    Epochs Used:        100.0
    Final Train Recall: 100.00% ± 0.00% (95% CI: 0.00%)
    Final Test Recall:  100.00% ± 0.00% (95% CI: 0.00%)
    Best Test Recall:   100.00% ± 0.00% (95% CI: 0.00%)

Evaluating Model: OfflineMLP
  Recall:               99.34% ± 0.12% (95% CI: 0.11%)
  Same-Concept Error %: 100.00 ± 0.00 (95% CI: 0.00) (out of total errors)
  Diff-Concept Error %: 0.00 ± 0.00 (95% CI: 0.00)
  Global Margin (50/5/1%):   3.14 /  1.20 /  0.19
  Success Margin (50/5/1%):  3.15 /  1.28 /  0.49
  [Offline Control Metrics]
    Epochs Used:        100.0
    Final Train Recall: 100.00% ± 0.00% (95% CI: 0.00%)
    Final Test Recall:  99.34% ± 0.12% (95% CI: 0.11%)
    Best Test Recall:   99.44% ± 0.08% (95% CI: 0.07%)

Evaluating Model: Linear-1Pass
  Recall:               7.88% ± 0.82% (95% CI: 0.72%)
  Same-Concept Error %: 52.45 ± 2.11 (95% CI: 1.85) (out of total errors)
  Diff-Concept Error %: 47.55 ± 2.11 (95% CI: 1.85)
  Global Margin (50/5/1%):  -0.06 / -0.13 / -0.16
  Success Margin (50/5/1%):  0.01 /  0.00 /  0.00

Evaluating Model: ReplayLinear(200)
  Recall:               2.32% ± 1.13% (95% CI: 0.99%)
  Same-Concept Error %: 15.67 ± 6.21 (95% CI: 5.45) (out of total errors)
  Diff-Concept Error %: 84.33 ± 6.21 (95% CI: 5.45)
  Global Margin (50/5/1%):  -0.42 / -0.63 / -0.71
  Success Margin (50/5/1%):  0.08 /  0.01 /  0.00

Evaluating Model: MLP1(128)
  Recall:               0.16% ± 0.08% (95% CI: 0.07%)
  Same-Concept Error %: 6.31 ± 1.48 (95% CI: 1.30) (out of total errors)
  Diff-Concept Error %: 93.69 ± 1.48 (95% CI: 1.30)
  Global Margin (50/5/1%):  -0.09 / -0.17 / -0.18
  Success Margin (50/5/1%):  0.00 /  0.00 /  0.00

Evaluating Model: ReplayMLP1(128, 200)
  Recall:               0.52% ± 0.21% (95% CI: 0.19%)
  Same-Concept Error %: 17.16 ± 4.19 (95% CI: 3.67) (out of total errors)
  Diff-Concept Error %: 82.84 ± 4.19 (95% CI: 3.67)
  Global Margin (50/5/1%):  -0.74 / -1.22 / -2.13
  Success Margin (50/5/1%):  0.07 /  0.00 /  0.00

==================================================================================================================================
SWEEP 2: RETENTION CURVES | N=1000 | FPC=50 | Var=0.05 | Noise=0.05 | Seeds=5
==================================================================================================================================
Evaluating retention for Model: kNN
  Final Probe Recall: 100.00% ± 0.00% (95% CI: 0.00%)
  Peak Probe Recall:  100.00% ± 0.00% (95% CI: 0.00%)
  Retention Ratio:    1.00 ± 0.00 (95% CI: 0.00)
  AURC:               1.00 ± 0.00 (95% CI: 0.00)
--------------------------------------------------
Evaluating retention for Model: Linear-1Pass
  Final Probe Recall: 6.40% ± 3.07% (95% CI: 2.69%)
  Peak Probe Recall:  11.00% ± 2.45% (95% CI: 2.15%)
  Retention Ratio:    0.56 ± 0.17 (95% CI: 0.15)
  AURC:               0.08 ± 0.02 (95% CI: 0.02)
--------------------------------------------------
Evaluating retention for Model: ReplayLinear(200)
  Final Probe Recall: 8.00% ± 5.40% (95% CI: 4.74%)
  Peak Probe Recall:  11.20% ± 5.74% (95% CI: 5.03%)
  Retention Ratio:    0.72 ± 0.25 (95% CI: 0.22)
  AURC:               0.06 ± 0.03 (95% CI: 0.03)
--------------------------------------------------
Evaluating retention for Model: MLP1(128)
  Final Probe Recall: 0.00% ± 0.00% (95% CI: 0.00%)
  Peak Probe Recall:  3.00% ± 1.10% (95% CI: 0.96%)
  Retention Ratio:    0.00 ± 0.00 (95% CI: 0.00)
  AURC:               0.01 ± 0.00 (95% CI: 0.00)
--------------------------------------------------
Evaluating retention for Model: ReplayMLP1(128, 200)
  Final Probe Recall: 1.80% ± 0.75% (95% CI: 0.66%)
  Peak Probe Recall:  3.20% ± 0.75% (95% CI: 0.66%)
  Retention Ratio:    0.58 ± 0.25 (95% CI: 0.22)
  AURC:               0.02 ± 0.00 (95% CI: 0.00)
--------------------------------------------------
Saved retention curves data to experiments/results/retention_curves.csv
Generated retention plots at experiments/results/retention_plots.png

==================================================================================================================================
SWEEP 3: REPLAY BUFFER ABLATION & EFFICIENCY | N=1000 | FPC=50 | Var=0.05 | Noise=0.05 | Seeds=5
==================================================================================================================================

--- Replay Linear Sweep ---
Buffer Size  | Final Recall                   | AURC                 | Retention Ratio      | Gain/Example   
---------------------------------------------------------------------------------------------------------
0            | 6.40% ± 3.07% (95% CI: 2.69%)  | 0.08 ± 0.02 (95% CI: 0.02) | 0.56 ± 0.17 (95% CI: 0.15) | Baseline       
50           | 2.80% ± 1.33% (95% CI: 1.16%)  | 0.04 ± 0.01 (95% CI: 0.01) | 0.50 ± 0.32 (95% CI: 0.28) | -0.0720%       
100          | 5.60% ± 3.61% (95% CI: 3.17%)  | 0.05 ± 0.03 (95% CI: 0.02) | 0.64 ± 0.30 (95% CI: 0.27) | -0.0080%       
200          | 8.00% ± 5.40% (95% CI: 4.74%)  | 0.06 ± 0.03 (95% CI: 0.03) | 0.72 ± 0.25 (95% CI: 0.22) | 0.0080%        
500          | 16.20% ± 4.87% (95% CI: 4.27%) | 0.08 ± 0.03 (95% CI: 0.03) | 1.00 ± 0.00 (95% CI: 0.00) | 0.0196%        

--- Replay MLP Sweep ---
Buffer Size  | Final Recall                   | AURC                 | Retention Ratio      | Gain/Example   
---------------------------------------------------------------------------------------------------------
0            | 0.00% ± 0.00% (95% CI: 0.00%)  | 0.01 ± 0.00 (95% CI: 0.00) | 0.00 ± 0.00 (95% CI: 0.00) | Baseline       
50           | 0.00% ± 0.00% (95% CI: 0.00%)  | 0.00 ± 0.00 (95% CI: 0.00) | 0.00 ± 0.00 (95% CI: 0.00) | 0.0000%        
200          | 1.80% ± 0.75% (95% CI: 0.66%)  | 0.02 ± 0.00 (95% CI: 0.00) | 0.58 ± 0.25 (95% CI: 0.22) | 0.0090%        

==================================================================================================================================
SWEEP 4: MLP CAPACITY & WIDTH SWEEP | N=1000 | FPC=50 | Var=0.05 | Noise=0.05 | Seeds=5
==================================================================================================================================
Width        | Final Recall                   | AURC                 | Retention Ratio     
------------------------------------------------------------------------------------------
64           | 0.00% ± 0.00% (95% CI: 0.00%)  | 0.00 ± 0.00 (95% CI: 0.00) | 0.00 ± 0.00 (95% CI: 0.00)
128          | 0.00% ± 0.00% (95% CI: 0.00%)  | 0.01 ± 0.00 (95% CI: 0.00) | 0.00 ± 0.00 (95% CI: 0.00)
256          | 0.00% ± 0.00% (95% CI: 0.00%)  | 0.00 ± 0.00 (95% CI: 0.00) | 0.00 ± 0.00 (95% CI: 0.00)
512          | 0.00% ± 0.00% (95% CI: 0.00%)  | 0.01 ± 0.00 (95% CI: 0.00) | 0.00 ± 0.00 (95% CI: 0.00)

==================================================================================================================================
SWEEP 5: GEOMETRIC CAPACITY MATRIX (kNN STRESS TEST) | N=1000 | Var=0.05 | Noise=0.05 | Seeds=10
==================================================================================================================================

Dimension: 64
  Facts/Concept   | Recall                    | P1 Success Margin    | Same-Concept Error %
  ----------------------------------------------------------------------------------------
  10              | 99.99% ± 0.03% (95% CI: 0.02%) | 0.0389               | 10.00%
  50              | 99.99% ± 0.03% (95% CI: 0.02%) | 0.0295               | 10.00%
  100             | 99.99% ± 0.03% (95% CI: 0.02%) | 0.0253               | 10.00%
  200             | 99.95% ± 0.08% (95% CI: 0.05%) | 0.0220               | 30.00%

Dimension: 128
  Facts/Concept   | Recall                    | P1 Success Margin    | Same-Concept Error %
  ----------------------------------------------------------------------------------------
  10              | 100.00% ± 0.00% (95% CI: 0.00%) | 0.1021               | 0.00%
  50              | 100.00% ± 0.00% (95% CI: 0.00%) | 0.0883               | 0.00%
  100             | 100.00% ± 0.00% (95% CI: 0.00%) | 0.0828               | 0.00%
  200             | 100.00% ± 0.00% (95% CI: 0.00%) | 0.0777               | 0.00%

Dimension: 256
  Facts/Concept   | Recall                    | P1 Success Margin    | Same-Concept Error %
  ----------------------------------------------------------------------------------------
  10              | 100.00% ± 0.00% (95% CI: 0.00%) | 0.1873               | 0.00%
  50              | 100.00% ± 0.00% (95% CI: 0.00%) | 0.1674               | 0.00%
  100             | 100.00% ± 0.00% (95% CI: 0.00%) | 0.1622               | 0.00%
  200             | 100.00% ± 0.00% (95% CI: 0.00%) | 0.1560               | 0.00%

Dimension: 384
  Facts/Concept   | Recall                    | P1 Success Margin    | Same-Concept Error %
  ----------------------------------------------------------------------------------------
  10              | 100.00% ± 0.00% (95% CI: 0.00%) | 0.2308               | 0.00%
  50              | 100.00% ± 0.00% (95% CI: 0.00%) | 0.2131               | 0.00%
  100             | 100.00% ± 0.00% (95% CI: 0.00%) | 0.2064               | 0.00%
  200             | 100.00% ± 0.00% (95% CI: 0.00%) | 0.2021               | 0.00%

Dimension: 768
  Facts/Concept   | Recall                    | P1 Success Margin    | Same-Concept Error %
  ----------------------------------------------------------------------------------------
  10              | 100.00% ± 0.00% (95% CI: 0.00%) | 0.2776               | 0.00%
  50              | 100.00% ± 0.00% (95% CI: 0.00%) | 0.2632               | 0.00%
  100             | 100.00% ± 0.00% (95% CI: 0.00%) | 0.2562               | 0.00%
  200             | 100.00% ± 0.00% (95% CI: 0.00%) | 0.2515               | 0.00%

Saved geometric heatmaps to experiments/results/geometry_heatmap.png

==================================================================================================================================
PARAMETRIC STUDY COMPLETED | Total Runtime: 10.43 minutes.
==================================================================================================================================
