====================================================
  MESU Width-Scaling Experiment Sweep (Optimized)
====================================================
[*] Initializing local feature extractor: all-MiniLM-L6-v2
Warning: You are sending unauthenticated requests to the HF Hub. Please set a HF_TOKEN to enable higher rate limits and faster downloads.
Loading weights:   0%|          | 0/103 [00:00<?, ?it/s]Loading weights: 100%|##########| 103/103 [00:00<00:00, 5807.88it/s]

[*] Calibrating and running for Width = 32...
  Width  32 | N   5 | Recall: 48.00% +/- 16.00% | Forgetting: 14.00% +/- 15.62%
  Width  32 | N  10 | Recall: 20.00% +/-  6.32% | Forgetting: 29.00% +/-  8.31%
  Width  32 | N  20 | Recall:  7.50% +/-  4.03% | Forgetting: 27.50% +/-  7.16%
  Width  32 | N  50 | Recall:  3.00% +/-  1.00% | Forgetting: 65.80% +/-  5.40%
  Width  32 | N 100 | Recall:  1.10% +/-  0.30% | Forgetting: 97.70% +/-  1.35%
  Width  32 | N 200 | Recall:  0.50% +/-  0.00% | Forgetting: 99.50% +/-  0.00%
  Width  32 | N 400 | Recall:  0.25% +/-  0.00% | Forgetting: 99.75% +/-  0.00%
  Width  32 | N 800 | Recall:  0.12% +/-  0.00% | Forgetting: 99.85% +/-  0.05%

[*] Calibrating and running for Width = 64...
  Width  64 | N   5 | Recall: 46.00% +/- 18.00% | Forgetting: 18.00% +/- 26.00%
  Width  64 | N  10 | Recall: 23.00% +/-  7.81% | Forgetting: 35.00% +/- 11.18%
  Width  64 | N  20 | Recall: 10.50% +/-  6.10% | Forgetting: 55.00% +/- 10.49%
  Width  64 | N  50 | Recall:  2.40% +/-  0.80% | Forgetting: 96.20% +/-  1.89%
  Width  64 | N 100 | Recall:  1.00% +/-  0.00% | Forgetting: 99.00% +/-  0.00%
  Width  64 | N 200 | Recall:  0.50% +/-  0.00% | Forgetting: 99.50% +/-  0.00%
  Width  64 | N 400 | Recall:  0.25% +/-  0.00% | Forgetting: 99.75% +/-  0.00%
  Width  64 | N 800 | Recall:  0.12% +/-  0.00% | Forgetting: 99.87% +/-  0.00%

[*] Calibrating and running for Width = 128...
  Width 128 | N   5 | Recall: 56.00% +/- 12.00% | Forgetting: 30.00% +/- 20.49%
  Width 128 | N  10 | Recall: 28.00% +/-  6.00% | Forgetting: 58.00% +/- 13.27%
  Width 128 | N  20 | Recall: 11.00% +/-  4.90% | Forgetting: 76.50% +/- 14.84%
  Width 128 | N  50 | Recall:  2.00% +/-  0.00% | Forgetting: 98.00% +/-  0.00%
  Width 128 | N 100 | Recall:  1.00% +/-  0.00% | Forgetting: 99.00% +/-  0.00%
  Width 128 | N 200 | Recall:  0.50% +/-  0.00% | Forgetting: 99.50% +/-  0.00%
  Width 128 | N 400 | Recall:  0.25% +/-  0.00% | Forgetting: 99.75% +/-  0.00%
  Width 128 | N 800 | Recall:  0.12% +/-  0.00% | Forgetting: 99.87% +/-  0.00%

[*] Calibrating and running for Width = 256...
  Width 256 | N   5 | Recall: 46.00% +/- 12.81% | Forgetting: 48.00% +/- 13.27%
  Width 256 | N  10 | Recall: 31.00% +/-  8.31% | Forgetting: 24.00% +/- 13.56%
  Width 256 | N  20 | Recall: 10.50% +/-  3.50% | Forgetting:  7.00% +/-  9.00%
  Width 256 | N  50 | Recall:  2.60% +/-  2.20% | Forgetting:  1.80% +/-  2.44%
  Width 256 | N 100 | Recall:  0.60% +/-  0.49% | Forgetting:  1.70% +/-  1.79%
  Width 256 | N 200 | Recall:  0.75% +/-  0.34% | Forgetting:  0.40% +/-  0.86%
  Width 256 | N 400 | Recall:  0.22% +/-  0.13% | Forgetting:  2.18% +/-  1.84%
  Width 256 | N 800 | Recall:  0.14% +/-  0.12% | Forgetting: 16.97% +/-  2.55%

====================================================
  Width-Scaling Summary Table (Mean Recall)
====================================================
N Facts  | W=32    | W=64    | W=128   | W=256  
------------------------------------------------
5        | 48.00% | 46.00% | 56.00% | 46.00%
10       | 20.00% | 23.00% | 28.00% | 31.00%
20       |  7.50% | 10.50% | 11.00% | 10.50%
50       |  3.00% |  2.40% |  2.00% |  2.60%
100      |  1.10% |  1.00% |  1.00% |  0.60%
200      |  0.50% |  0.50% |  0.50% |  0.75%
400      |  0.25% |  0.25% |  0.25% |  0.22%
800      |  0.12% |  0.12% |  0.12% |  0.14%

====================================================
  Scaling Law Fitting: Recall(N) = A / N^alpha
====================================================
Width  | A (Scale)  | alpha (Exp)  | R^2 Quality
-----------------------------------------------
32     | 2.8898     | 1.1796       | 0.9974    
64     | 3.2343     | 1.2031       | 0.9942    
128    | 3.9299     | 1.2421       | 0.9888    
256    | 3.5314     | 1.2163       | 0.9723    

[*] Plots saved to: experiments/results\width_scaling_plots.png

====================================================
  Interpretation of Results
====================================================
Scientific Verdict: Outcome A: Interference Accumulation is Dominant
Summary markdown written to: experiments/results\width_scaling_summary.md
